<?xml version="1.0" encoding="UTF-8"?>
<!-- Generated by org.testng.reporters.JUnitReportReporter -->
<testsuite hostname="LAPTOP-0I10HQJ1" failures="0" tests="3" name="Lab_Session_18_08.LabAssignment3" time="46.496" errors="0" timestamp="2025-08-18T15:15:59 IST" skipped="0">
  <testcase classname="Lab_Session_18_08.LabAssignment3" name="positiveLoginTest" time="19.122"/>
  <testcase classname="Lab_Session_18_08.LabAssignment3" name="negativeUsernameTest" time="13.443"/>
  <testcase classname="Lab_Session_18_08.LabAssignment3" name="negativePasswordTest" time="13.931"/>
</testsuite> <!-- Lab_Session_18_08.LabAssignment3 -->
