<?xml version="1.0" encoding="UTF-8"?>
<!-- Generated by org.testng.reporters.JUnitReportReporter -->
<testsuite hostname="LAPTOP-0I10HQJ1" failures="0" tests="3" name="Lab_Session_18_08.LoginLabSession" time="50.896" errors="0" timestamp="2025-08-18T12:51:31 IST" skipped="0">
  <testcase classname="Lab_Session_18_08.LoginLabSession" name="positiveLoginTest" time="21.960"/>
  <testcase classname="Lab_Session_18_08.LoginLabSession" name="negativeUsernameTest" time="14.446"/>
  <testcase classname="Lab_Session_18_08.LoginLabSession" name="negativePasswordTest" time="14.490"/>
</testsuite> <!-- Lab_Session_18_08.LoginLabSession -->
