<?xml version="1.0" encoding="UTF-8"?>
<!-- Generated by org.testng.reporters.JUnitReportReporter -->
<testsuite hostname="LAPTOP-0I10HQJ1" failures="0" tests="3" name="com.wipro.testing.TestAnnotations" time="0.059" errors="0" timestamp="2025-08-19T10:47:44 IST" skipped="0">
  <testcase classname="com.wipro.testing.TestAnnotations" name="testcase1" time="0.021"/>
  <testcase classname="com.wipro.testing.TestAnnotations" name="testcase3" time="0.029"/>
  <testcase classname="com.wipro.testing.TestAnnotations" name="testcase2" time="0.009"/>
</testsuite> <!-- com.wipro.testing.TestAnnotations -->
