<?xml version="1.0" encoding="UTF-8"?>
<!-- Generated by org.testng.reporters.JUnitReportReporter -->
<testsuite hostname="LAPTOP-0I10HQJ1" failures="0" tests="2" name="LabSession_19_08.Annotations" time="15.204" errors="0" timestamp="2025-08-19T12:54:27 IST" skipped="0">
  <testcase classname="LabSession_19_08.Annotations" name="ValidLogin" time="10.673"/>
  <testcase classname="LabSession_19_08.Annotations" name="InValidLogin" time="4.531"/>
</testsuite> <!-- LabSession_19_08.Annotations -->
